# JRE version: OpenJDK Runtime Environment Temurin-11.0.19+7 (11.0.19+7) (build 11.0.19+7)
# Java VM: OpenJDK 64-Bit Server VM Temurin-11.0.19+7 (11.0.19+7, mixed mode, tiered, compressed oops, g1 gc, windows-amd64)
Heap:
 garbage-first heap   total 63488K, used 31868K [0x00000000e0000000, 0x0000000100000000)
  region size 1024K, 20 young (20480K), 4 survivors (4096K)
 Metaspace       used 32507K, capacity 33649K, committed 33712K, reserved 1079296K
  class space    used 3873K, capacity 4330K, committed 4352K, reserved 1048576K
GC Heap History (12 events):
Event: 1.219 GC heap before
{Heap before GC invocations=0 (full 0):
 garbage-first heap   total 63488K, used 13312K [0x00000000e0000000, 0x0000000100000000)
  region size 1024K, 14 young (14336K), 0 survivors (0K)
 Metaspace       used 11323K, capacity 11591K, committed 11776K, reserved 1060864K
  class space    used 1133K, capacity 1211K, committed 1280K, reserved 1048576K
}
Event: 1.226 GC heap after
{Heap after GC invocations=1 (full 0):
 garbage-first heap   total 63488K, used 5565K [0x00000000e0000000, 0x0000000100000000)
  region size 1024K, 2 young (2048K), 2 survivors (2048K)
 Metaspace       used 11323K, capacity 11591K, committed 11776K, reserved 1060864K
  class space    used 1133K, capacity 1211K, committed 1280K, reserved 1048576K
}
Event: 1.636 GC heap before
{Heap before GC invocations=1 (full 0):
 garbage-first heap   total 63488K, used 11709K [0x00000000e0000000, 0x0000000100000000)
  region size 1024K, 8 young (8192K), 2 survivors (2048K)
 Metaspace       used 12995K, capacity 13317K, committed 13568K, reserved 1060864K
  class space    used 1344K, capacity 1426K, committed 1536K, reserved 1048576K
}
Event: 1.647 GC heap after
{Heap after GC invocations=2 (full 0):
 garbage-first heap   total 63488K, used 5995K [0x00000000e0000000, 0x0000000100000000)
  region size 1024K, 1 young (1024K), 1 survivors (1024K)
 Metaspace       used 12995K, capacity 13317K, committed 13568K, reserved 1060864K
  class space    used 1344K, capacity 1426K, committed 1536K, reserved 1048576K
}
Event: 2.413 GC heap before
{Heap before GC invocations=2 (full 0):
 garbage-first heap   total 63488K, used 25451K [0x00000000e0000000, 0x0000000100000000)
  region size 1024K, 20 young (20480K), 1 survivors (1024K)
 Metaspace       used 16783K, capacity 17411K, committed 17536K, reserved 1064960K
  class space    used 1886K, capacity 2147K, committed 2176K, reserved 1048576K
}
Event: 2.416 GC heap after
{Heap after GC invocations=3 (full 0):
 garbage-first heap   total 63488K, used 6916K [0x00000000e0000000, 0x0000000100000000)
  region size 1024K, 2 young (2048K), 2 survivors (2048K)
 Metaspace       used 16783K, capacity 17411K, committed 17536K, reserved 1064960K
  class space    used 1886K, capacity 2147K, committed 2176K, reserved 1048576K
}
Event: 6.238 GC heap before
{Heap before GC invocations=3 (full 0):
 garbage-first heap   total 63488K, used 26372K [0x00000000e0000000, 0x0000000100000000)
  region size 1024K, 22 young (22528K), 2 survivors (2048K)
 Metaspace       used 20385K, capacity 21168K, committed 21296K, reserved 1069056K
  class space    used 2352K, capacity 2663K, committed 2688K, reserved 1048576K
}
Event: 6.243 GC heap after
{Heap after GC invocations=4 (full 0):
 garbage-first heap   total 63488K, used 7898K [0x00000000e0000000, 0x0000000100000000)
  region size 1024K, 3 young (3072K), 3 survivors (3072K)
 Metaspace       used 20385K, capacity 21168K, committed 21296K, reserved 1069056K
  class space    used 2352K, capacity 2663K, committed 2688K, reserved 1048576K
}
Event: 6.705 GC heap before
{Heap before GC invocations=5 (full 0):
 garbage-first heap   total 63488K, used 34522K [0x00000000e0000000, 0x0000000100000000)
  region size 1024K, 29 young (29696K), 3 survivors (3072K)
 Metaspace       used 25706K, capacity 26635K, committed 26800K, reserved 1073152K
  class space    used 2954K, capacity 3309K, committed 3328K, reserved 1048576K
}
Event: 6.710 GC heap after
{Heap after GC invocations=6 (full 0):
 garbage-first heap   total 63488K, used 10103K [0x00000000e0000000, 0x0000000100000000)
  region size 1024K, 4 young (4096K), 4 survivors (4096K)
 Metaspace       used 25706K, capacity 26635K, committed 26800K, reserved 1073152K
  class space    used 2954K, capacity 3309K, committed 3328K, reserved 1048576K
}
Event: 10.635 GC heap before
{Heap before GC invocations=6 (full 0):
 garbage-first heap   total 63488K, used 43895K [0x00000000e0000000, 0x0000000100000000)
  region size 1024K, 33 young (33792K), 4 survivors (4096K)
 Metaspace       used 30042K, capacity 31070K, committed 31280K, reserved 1077248K
  class space    used 3543K, capacity 3939K, committed 3968K, reserved 1048576K
}
Event: 10.641 GC heap after
{Heap after GC invocations=7 (full 0):
 garbage-first heap   total 63488K, used 16508K [0x00000000e0000000, 0x0000000100000000)
  region size 1024K, 4 young (4096K), 4 survivors (4096K)
 Metaspace       used 30042K, capacity 31070K, committed 31280K, reserved 1077248K
  class space    used 3543K, capacity 3939K, committed 3968K, reserved 1048576K
}

