# JRE version: OpenJDK Runtime Environment Temurin-11.0.19+7 (11.0.19+7) (build 11.0.19+7)
# Java VM: OpenJDK 64-Bit Server VM Temurin-11.0.19+7 (11.0.19+7, mixed mode, tiered, compressed oops, g1 gc, windows-amd64)
Heap:
 garbage-first heap   total 63488K, used 27753K [0x00000000e0000000, 0x0000000100000000)
  region size 1024K, 13 young (13312K), 2 survivors (2048K)
 Metaspace       used 32454K, capacity 33645K, committed 33712K, reserved 1079296K
  class space    used 3870K, capacity 4329K, committed 4352K, reserved 1048576K
GC Heap History (12 events):
Event: 1.156 GC heap before
{Heap before GC invocations=0 (full 0):
 garbage-first heap   total 63488K, used 13312K [0x00000000e0000000, 0x0000000100000000)
  region size 1024K, 14 young (14336K), 0 survivors (0K)
 Metaspace       used 11315K, capacity 11527K, committed 11776K, reserved 1060864K
  class space    used 1133K, capacity 1211K, committed 1280K, reserved 1048576K
}
Event: 1.165 GC heap after
{Heap after GC invocations=1 (full 0):
 garbage-first heap   total 63488K, used 6026K [0x00000000e0000000, 0x0000000100000000)
  region size 1024K, 2 young (2048K), 2 survivors (2048K)
 Metaspace       used 11315K, capacity 11527K, committed 11776K, reserved 1060864K
  class space    used 1133K, capacity 1211K, committed 1280K, reserved 1048576K
}
Event: 1.426 GC heap before
{Heap before GC invocations=1 (full 0):
 garbage-first heap   total 63488K, used 9098K [0x00000000e0000000, 0x0000000100000000)
  region size 1024K, 5 young (5120K), 2 survivors (2048K)
 Metaspace       used 12581K, capacity 12904K, committed 13056K, reserved 1060864K
  class space    used 1300K, capacity 1416K, committed 1536K, reserved 1048576K
}
Event: 1.429 GC heap after
{Heap after GC invocations=2 (full 0):
 garbage-first heap   total 63488K, used 6399K [0x00000000e0000000, 0x0000000100000000)
  region size 1024K, 1 young (1024K), 1 survivors (1024K)
 Metaspace       used 12581K, capacity 12904K, committed 13056K, reserved 1060864K
  class space    used 1300K, capacity 1416K, committed 1536K, reserved 1048576K
}
Event: 2.090 GC heap before
{Heap before GC invocations=2 (full 0):
 garbage-first heap   total 63488K, used 25855K [0x00000000e0000000, 0x0000000100000000)
  region size 1024K, 20 young (20480K), 1 survivors (1024K)
 Metaspace       used 16129K, capacity 16874K, committed 17024K, reserved 1064960K
  class space    used 1813K, capacity 2073K, committed 2176K, reserved 1048576K
}
Event: 2.093 GC heap after
{Heap after GC invocations=3 (full 0):
 garbage-first heap   total 63488K, used 7262K [0x00000000e0000000, 0x0000000100000000)
  region size 1024K, 2 young (2048K), 2 survivors (2048K)
 Metaspace       used 16129K, capacity 16874K, committed 17024K, reserved 1064960K
  class space    used 1813K, capacity 2073K, committed 2176K, reserved 1048576K
}
Event: 4.598 GC heap before
{Heap before GC invocations=3 (full 0):
 garbage-first heap   total 63488K, used 30814K [0x00000000e0000000, 0x0000000100000000)
  region size 1024K, 26 young (26624K), 2 survivors (2048K)
 Metaspace       used 20392K, capacity 21137K, committed 21296K, reserved 1069056K
  class space    used 2352K, capacity 2631K, committed 2688K, reserved 1048576K
}
Event: 4.603 GC heap after
{Heap after GC invocations=4 (full 0):
 garbage-first heap   total 63488K, used 8351K [0x00000000e0000000, 0x0000000100000000)
  region size 1024K, 3 young (3072K), 3 survivors (3072K)
 Metaspace       used 20392K, capacity 21137K, committed 21296K, reserved 1069056K
  class space    used 2352K, capacity 2631K, committed 2688K, reserved 1048576K
}
Event: 5.348 GC heap before
{Heap before GC invocations=5 (full 0):
 garbage-first heap   total 63488K, used 39071K [0x00000000e0000000, 0x0000000100000000)
  region size 1024K, 33 young (33792K), 3 survivors (3072K)
 Metaspace       used 26608K, capacity 27592K, committed 27696K, reserved 1073152K
  class space    used 3066K, capacity 3437K, committed 3456K, reserved 1048576K
}
Event: 5.355 GC heap after
{Heap after GC invocations=6 (full 0):
 garbage-first heap   total 63488K, used 10975K [0x00000000e0000000, 0x0000000100000000)
  region size 1024K, 5 young (5120K), 5 survivors (5120K)
 Metaspace       used 26608K, capacity 27592K, committed 27696K, reserved 1073152K
  class space    used 3066K, capacity 3437K, committed 3456K, reserved 1048576K
}
Event: 7.973 GC heap before
{Heap before GC invocations=6 (full 0):
 garbage-first heap   total 63488K, used 45791K [0x00000000e0000000, 0x0000000100000000)
  region size 1024K, 35 young (35840K), 5 survivors (5120K)
 Metaspace       used 30606K, capacity 31690K, committed 31920K, reserved 1077248K
  class space    used 3627K, capacity 4038K, committed 4096K, reserved 1048576K
}
Event: 7.982 GC heap after
{Heap after GC invocations=7 (full 0):
 garbage-first heap   total 63488K, used 17513K [0x00000000e0000000, 0x0000000100000000)
  region size 1024K, 2 young (2048K), 2 survivors (2048K)
 Metaspace       used 30606K, capacity 31690K, committed 31920K, reserved 1077248K
  class space    used 3627K, capacity 4038K, committed 4096K, reserved 1048576K
}

